{
  "stats": {
    "suites": 3,
    "tests": 2,
    "passes": 1,
    "pending": 0,
    "failures": 1,
    "start": "2024-11-19T08:37:51.157Z",
    "end": "2024-11-19T08:37:51.260Z",
    "duration": 103,
    "testsRegistered": 2,
    "passPercent": 50,
    "pendingPercent": 0,
    "other": 0,
    "hasOther": false,
    "skipped": 0,
    "hasSkipped": false
  },
  "results": [
    {
      "uuid": "4286af8a-f590-4248-a4b1-6aa7699678ae",
      "title": "",
      "fullFile": "D:\\Mean-app-Cloud\\Phase-4-Cloud\\Mocha\\restapi-testing\\test\\api.test.mjs",
      "file": "\\test\\api.test.mjs",
      "beforeHooks": [],
      "afterHooks": [],
      "tests": [],
      "suites": [
        {
          "uuid": "3935733f-408b-43cf-9c00-c157f9bf5e58",
          "title": "API Tests",
          "fullFile": "D:\\Mean-app-Cloud\\Phase-4-Cloud\\Mocha\\restapi-testing\\test\\api.test.mjs",
          "file": "\\test\\api.test.mjs",
          "beforeHooks": [],
          "afterHooks": [],
          "tests": [],
          "suites": [
            {
              "uuid": "92a91476-48bf-49a4-95dd-ea1871ede362",
              "title": "GET /api/items",
              "fullFile": "D:\\Mean-app-Cloud\\Phase-4-Cloud\\Mocha\\restapi-testing\\test\\api.test.mjs",
              "file": "\\test\\api.test.mjs",
              "beforeHooks": [],
              "afterHooks": [],
              "tests": [
                {
                  "title": "should return a list of items",
                  "fullTitle": "API Tests GET /api/items should return a list of items",
                  "timedOut": false,
                  "duration": 40,
                  "state": "failed",
                  "speed": null,
                  "pass": false,
                  "fail": true,
                  "pending": false,
                  "context": null,
                  "code": "request(app)\n.get('/api/items')\n.expect(200)\n.end((err,res)=>{\n    if(err) done(err);\n    expect(res.body).to.be.an('array').that.is.not.empty;\n    const item = res.body.find(item=> item.name === \"item 1\");\n    assert.strictEqual(item.name,'item 1');\n    done();\n    \n})",
                  "err": {
                    "message": "AssertionError: expected [] not to be empty",
                    "estack": "AssertionError: expected [] not to be empty\n    at Test.<anonymous> (file:///D:/Mean-app-Cloud/Phase-4-Cloud/Mocha/restapi-testing/test/api.test.mjs:13:63)\n    at Test.assert (node_modules\\supertest\\lib\\test.js:172:8)\n    at Server.localAssert (node_modules\\supertest\\lib\\test.js:120:14)\n    at Object.onceWrapper (node:events:633:28)\n    at Server.emit (node:events:519:28)\n    at emitCloseNT (node:net:2340:8)\n    at process.processTicksAndRejections (node:internal/process/task_queues:81:21)",
                    "diff": null
                  },
                  "uuid": "44bb3650-95b7-4ee3-8635-64a55d24fec3",
                  "parentUUID": "92a91476-48bf-49a4-95dd-ea1871ede362",
                  "isHook": false,
                  "skipped": false
                }
              ],
              "suites": [],
              "passes": [],
              "failures": [
                "44bb3650-95b7-4ee3-8635-64a55d24fec3"
              ],
              "pending": [],
              "skipped": [],
              "duration": 40,
              "root": false,
              "rootEmpty": false,
              "_timeout": 10000
            },
            {
              "uuid": "8e7cb891-44c2-44ad-bf15-cdf08260a6b8",
              "title": "POST /api/items",
              "fullFile": "D:\\Mean-app-Cloud\\Phase-4-Cloud\\Mocha\\restapi-testing\\test\\api.test.mjs",
              "file": "\\test\\api.test.mjs",
              "beforeHooks": [],
              "afterHooks": [],
              "tests": [
                {
                  "title": "should create a new Items",
                  "fullTitle": "API Tests POST /api/items should create a new Items",
                  "timedOut": false,
                  "duration": 47,
                  "state": "passed",
                  "speed": "medium",
                  "pass": true,
                  "fail": false,
                  "pending": false,
                  "context": null,
                  "code": "const newItem = {name:'Item2'};\nrequest(app)\n.post('/api/items')\n.send(newItem)\n.end((err,res)=>{\n    if(err) return done(err);\n    expect(res.body).to.have.property('id');\n    expect(res.body).to.have.property('name');\n    done();\n})",
                  "err": {},
                  "uuid": "501f1937-77df-45bc-bc9c-37e8181e913d",
                  "parentUUID": "8e7cb891-44c2-44ad-bf15-cdf08260a6b8",
                  "isHook": false,
                  "skipped": false
                }
              ],
              "suites": [],
              "passes": [
                "501f1937-77df-45bc-bc9c-37e8181e913d"
              ],
              "failures": [],
              "pending": [],
              "skipped": [],
              "duration": 47,
              "root": false,
              "rootEmpty": false,
              "_timeout": 10000
            }
          ],
          "passes": [],
          "failures": [],
          "pending": [],
          "skipped": [],
          "duration": 0,
          "root": false,
          "rootEmpty": false,
          "_timeout": 10000
        }
      ],
      "passes": [],
      "failures": [],
      "pending": [],
      "skipped": [],
      "duration": 0,
      "root": true,
      "rootEmpty": true,
      "_timeout": 10000
    }
  ],
  "meta": {
    "mocha": {
      "version": "10.8.2"
    },
    "mochawesome": {
      "options": {
        "quiet": false,
        "reportFilename": "mochawesome",
        "saveHtml": true,
        "saveJson": true,
        "consoleReporter": "spec",
        "useInlineDiffs": false,
        "code": true
      },
      "version": "7.1.3"
    },
    "marge": {
      "options": null,
      "version": "6.2.0"
    }
  }
}