{
  "stats": {
    "suites": 3,
    "tests": 2,
    "passes": 2,
    "pending": 0,
    "failures": 0,
    "start": "2024-10-15T09:18:32.673Z",
    "end": "2024-10-15T09:18:32.764Z",
    "duration": 91,
    "testsRegistered": 2,
    "passPercent": 100,
    "pendingPercent": 0,
    "other": 0,
    "hasOther": false,
    "skipped": 0,
    "hasSkipped": false
  },
  "results": [
    {
      "uuid": "bd095292-01fb-4ced-a9f1-1130a416e9ab",
      "title": "",
      "fullFile": "C:\\Users\\Lenovo\\Desktop\\Integrate and Deploy your MEAN app on Cloud\\Mocha\\restapi-testing\\test\\api.test.mjs",
      "file": "\\test\\api.test.mjs",
      "beforeHooks": [],
      "afterHooks": [],
      "tests": [],
      "suites": [
        {
          "uuid": "607ded0d-96af-4102-a689-9590fa2c8bb8",
          "title": "API Tests",
          "fullFile": "C:\\Users\\Lenovo\\Desktop\\Integrate and Deploy your MEAN app on Cloud\\Mocha\\restapi-testing\\test\\api.test.mjs",
          "file": "\\test\\api.test.mjs",
          "beforeHooks": [],
          "afterHooks": [],
          "tests": [],
          "suites": [
            {
              "uuid": "1c660e3e-0cea-4e86-bbe5-dc3a642fbbb9",
              "title": "GET /api/items",
              "fullFile": "C:\\Users\\Lenovo\\Desktop\\Integrate and Deploy your MEAN app on Cloud\\Mocha\\restapi-testing\\test\\api.test.mjs",
              "file": "\\test\\api.test.mjs",
              "beforeHooks": [],
              "afterHooks": [],
              "tests": [
                {
                  "title": "should return a list of items",
                  "fullTitle": "API Tests GET /api/items should return a list of items",
                  "timedOut": false,
                  "duration": 44,
                  "state": "passed",
                  "speed": "medium",
                  "pass": true,
                  "fail": false,
                  "pending": false,
                  "context": null,
                  "code": "request(app)\n.get('/api/items')\n.expect(200)\n.end((err,res)=>{\n    if(err) done(err);\n    expect(res.body).to.be.an('array').that.is.not.empty;\n    const item = res.body.find(item=> item.name === \"item 1\");\n    assert.strictEqual(item.name,'item 1');\n    done();\n    \n})",
                  "err": {},
                  "uuid": "cac46c21-cfdc-4567-80ed-78a6751ba479",
                  "parentUUID": "1c660e3e-0cea-4e86-bbe5-dc3a642fbbb9",
                  "isHook": false,
                  "skipped": false
                }
              ],
              "suites": [],
              "passes": [
                "cac46c21-cfdc-4567-80ed-78a6751ba479"
              ],
              "failures": [],
              "pending": [],
              "skipped": [],
              "duration": 44,
              "root": false,
              "rootEmpty": false,
              "_timeout": 2000
            },
            {
              "uuid": "8801c038-8a19-4712-95ee-595eb3c0806d",
              "title": "POST /api/items",
              "fullFile": "C:\\Users\\Lenovo\\Desktop\\Integrate and Deploy your MEAN app on Cloud\\Mocha\\restapi-testing\\test\\api.test.mjs",
              "file": "\\test\\api.test.mjs",
              "beforeHooks": [],
              "afterHooks": [],
              "tests": [
                {
                  "title": "should create a new Items",
                  "fullTitle": "API Tests POST /api/items should create a new Items",
                  "timedOut": false,
                  "duration": 34,
                  "state": "passed",
                  "speed": "fast",
                  "pass": true,
                  "fail": false,
                  "pending": false,
                  "context": null,
                  "code": "const newItem = {name:'Item2'};\nrequest(app)\n.post('/api/items')\n.send(newItem)\n.end((err,res)=>{\n    if(err) return done(err);\n    expect(res.body).to.have.property('id');\n    expect(res.body).to.have.property('name');\n    done();\n})",
                  "err": {},
                  "uuid": "9fe23806-311a-4520-a4b7-1a2c3a3aa483",
                  "parentUUID": "8801c038-8a19-4712-95ee-595eb3c0806d",
                  "isHook": false,
                  "skipped": false
                }
              ],
              "suites": [],
              "passes": [
                "9fe23806-311a-4520-a4b7-1a2c3a3aa483"
              ],
              "failures": [],
              "pending": [],
              "skipped": [],
              "duration": 34,
              "root": false,
              "rootEmpty": false,
              "_timeout": 2000
            }
          ],
          "passes": [],
          "failures": [],
          "pending": [],
          "skipped": [],
          "duration": 0,
          "root": false,
          "rootEmpty": false,
          "_timeout": 2000
        }
      ],
      "passes": [],
      "failures": [],
      "pending": [],
      "skipped": [],
      "duration": 0,
      "root": true,
      "rootEmpty": true,
      "_timeout": 2000
    }
  ],
  "meta": {
    "mocha": {
      "version": "10.7.3"
    },
    "mochawesome": {
      "options": {
        "quiet": false,
        "reportFilename": "mochawesome",
        "saveHtml": true,
        "saveJson": true,
        "consoleReporter": "spec",
        "useInlineDiffs": false,
        "code": true
      },
      "version": "7.1.3"
    },
    "marge": {
      "options": null,
      "version": "6.2.0"
    }
  }
}